<?xml version="1.0" encoding="UTF-8"?>
<!-- Generated by org.testng.reporters.JUnitReportReporter -->
<testsuite hostname="DESKTOP-2NVGS53" failures="0" tests="1" name="com.inetBanking.testCases.TC_AddNewCustomer_003" time="18.658" errors="0" timestamp="2023-07-23T13:29:18 IST" skipped="0">
  <testcase classname="com.inetBanking.testCases.TC_AddNewCustomer_003" name="addCustomerTest" time="18.658"/>
</testsuite> <!-- com.inetBanking.testCases.TC_AddNewCustomer_003 -->
