<?xml version="1.0" encoding="UTF-8"?>
<!-- Generated by org.testng.reporters.JUnitReportReporter -->
<testsuite hostname="DESKTOP-2NVGS53" failures="0" tests="1" name="com.inetBanking.testCases.TC_LoginPageTest_001" time="1.561" errors="0" timestamp="2023-07-16T11:09:03 IST" skipped="0">
  <testcase classname="com.inetBanking.testCases.TC_LoginPageTest_001" name="loginTest" time="1.561"/>
</testsuite> <!-- com.inetBanking.testCases.TC_LoginPageTest_001 -->
