<?xml version="1.0" encoding="UTF-8"?>
<!-- Generated by org.testng.reporters.JUnitReportReporter -->
<testsuite hostname="DESKTOP-2NVGS53" failures="0" tests="1" name="com.inetBanking.testCases.TC_AddNewCustomer_003" time="31.763" errors="0" timestamp="2023-07-24T17:00:31 IST" skipped="0">
  <testcase classname="com.inetBanking.testCases.TC_AddNewCustomer_003" name="addCustomerTest" time="31.763"/>
</testsuite> <!-- com.inetBanking.testCases.TC_AddNewCustomer_003 -->
