<?xml version="1.0" encoding="UTF-8"?>
<!-- Generated by org.testng.reporters.JUnitReportReporter -->
<testsuite hostname="DESKTOP-2NVGS53" failures="0" tests="1" name="com.inetBanking.testCases.TC_LoginPageTest_001" time="1.645" errors="0" timestamp="2023-07-24T15:54:09 IST" skipped="0">
  <testcase classname="com.inetBanking.testCases.TC_LoginPageTest_001" name="loginTest" time="1.645"/>
</testsuite> <!-- com.inetBanking.testCases.TC_LoginPageTest_001 -->
